<?xml version="1.0" encoding="UTF-8"?>
<Site BuildName="(empty)"
	BuildStamp="20240628-1108-Experimental"
	Name="barracuda"
	Generator="ctest-3.16.3"
	CompilerName="/usr/bin/c++"
	CompilerVersion="9.4.0"
	OSName="Linux"
	Hostname="barracuda"
	OSRelease="5.15.0-105-generic"
	OSVersion="#115~20.04.1-Ubuntu SMP Mon Apr 15 17:33:04 UTC 2024"
	OSPlatform="x86_64"
	Is64Bits="1"
	VendorString="GenuineIntel"
	VendorID="Intel Corporation"
	FamilyID="6"
	ModelID="154"
	ProcessorCacheSize="12288"
	NumberOfLogicalCPU="12"
	NumberOfPhysicalCPU="8"
	TotalVirtualMemory="2047"
	TotalPhysicalMemory="15657"
	LogicalProcessorsPerPhysical="1"
	ProcessorClockFrequency="3824.39"
	>
	<Testing>
		<StartDateTime>Jun 28 19:08 +08</StartDateTime>
		<StartTestTime>1719572934</StartTestTime>
		<TestList/>
		<EndDateTime>Jun 28 19:08 +08</EndDateTime>
		<EndTestTime>1719572934</EndTestTime>
		<ElapsedMinutes>0</ElapsedMinutes>
	</Testing>
</Site>
